<?xml version="1.0" encoding="UTF-8"?>
<!-- Generated by org.testng.reporters.JUnitXMLReporter -->
<testsuite ignored="0" hostname="LAPTOP-NNVCEDO0" failures="0" tests="2" name="API and UI Tests" time="5.85" errors="0" timestamp="2025-09-21T19:05:57 IST">
  <testcase classname="com.sentinel.tests.ApiCrudTests" name="testCreateReadUpdateDeleteUser" time="4.663"/>
  <testcase classname="com.sentinel.tests.UiDataValidationTest" name="endToEndDataIntegrity" time="0.887"/>
</testsuite> <!-- API and UI Tests -->
