<?xml version="1.0" encoding="UTF-8"?>
<!-- Generated by org.testng.reporters.JUnitXMLReporter -->
<testsuite ignored="0" hostname="LAPTOP-NNVCEDO0" failures="0" tests="2" name="API and UI Tests" time="1.607" errors="0" timestamp="2025-09-21T18:54:32 IST">
  <testcase classname="com.sentinel.tests.ApiCrudTests" name="@BeforeClass init" time="0.007">
    <failure type="java.lang.RuntimeException" message="Please set GOREST_TOKEN environment variable">
      <![CDATA[java.lang.RuntimeException: Please set GOREST_TOKEN environment variable
at com.sentinel.tests.ApiCrudTests.init(ApiCrudTests.java:21)
at java.base/java.util.ArrayList.forEach(ArrayList.java:1596)
... Removed 23 stack frames]]>
    </failure>
  </testcase> <!-- @BeforeClass init -->
  <testcase classname="com.sentinel.tests.UiDataValidationTest" name="@BeforeClass setupApiClient" time="0.0">
    <failure type="java.lang.RuntimeException" message="Please set GOREST_TOKEN env var">
      <![CDATA[java.lang.RuntimeException: Please set GOREST_TOKEN env var
at com.sentinel.tests.UiDataValidationTest.setupApiClient(UiDataValidationTest.java:21)
at java.base/java.util.ArrayList.forEach(ArrayList.java:1596)
... Removed 23 stack frames]]>
    </failure>
  </testcase> <!-- @BeforeClass setupApiClient -->
  <testcase classname="com.sentinel.tests.ApiCrudTests" name="testCreateReadUpdateDeleteUser" time="0.0">
    <skipped/>
  </testcase> <!-- testCreateReadUpdateDeleteUser -->
  <testcase classname="com.sentinel.tests.UiDataValidationTest" name="endToEndDataIntegrity" time="0.001">
    <skipped/>
  </testcase> <!-- endToEndDataIntegrity -->
</testsuite> <!-- API and UI Tests -->
